<?xml version="1.0" encoding="UTF-8"?>
<!-- Generated by org.testng.reporters.JUnitReportReporter -->
<testsuite skipped="0" hostname="DESKTOP-I53I0DN" name="com.mindtree.runner.TestRunner" tests="1" failures="0" timestamp="2021-11-09T00:11:48 IST" time="17.508" errors="0">
  <testcase name="runScenario" time="17.508" classname="com.mindtree.runner.TestRunner"/>
</testsuite> <!-- com.mindtree.runner.TestRunner -->
